3 61 167 172
2 26 158
3 36 103 120
2 28 147
3 41 105 138
2 84 249
2 70 188
2 21 139
3 82 156 218
2 1 246
2 3 163
2 68 160
3 4 112 227
2 95 126
3 66 216 225
2 55 213
2 13 123
2 23 170
3 88 109 185
2 98 204
2 53 141
2 48 177
2 91 142
4 15 127 150 202
3 45 200 259
2 32 145
2 10 191
2 2 260
3 87 106 226
2 12 214
3 73 171 224
2 44 135
2 47 232
3 31 210 245
3 78 212 230
2 5 195
2 59 217
2 81 197
4 96 144 184 209
2 20 207
2 18 130
3 57 133 152
3 65 102 155
2 43 222
2 60 132
2 39 143
4 19 136 159 190
3 71 220 261
2 14 154
2 37 241
4 86 162 193 239
2 69 244
2 42 181
4 58 125 161 201
3 24 117 199
2 6 176
2 40 149
2 93 182
3 16 203 236
3 8 113 153
3 38 131 254
3 0 101 205
2 83 196
2 64 151
3 92 124 243
3 56 128 192
3 80 115 237
2 77 253
2 25 186
2 22 169
3 74 129 173
2 97 235
2 11 165
4 90 180 198 258
2 17 219
3 27 164 178
4 75 116 121 194
4 33 110 122 189
2 30 223
3 89 168 175
2 35 206
2 67 215
2 46 238
3 72 111 183
4 76 179 187 248
3 7 114 208
4 79 137 166 242
3 62 119 228
4 54 107 140 255
2 9 250
2 51 211
3 29 146 231
5 85 108 118 221 229
3 99 104 233
2 49 252
4 34 100 234 240
2 52 251
3 50 157 256
2 94 247
5 63 134 148 174 257
