61 46 116 237 321 380 483 595 697 782 804 881 964 1019 1113 1192 1310 1367 1426 1503 1564 1657 1696 1754 1848 1944 2042 2169 2210 2267 2325 2374 2482 2569 2618 2706 2748 2814 2872 2930 2967 3072 3118 3139 3233 3296 3400 3490 3642 3699 3729 3913 3970 4033 4170 4275 4324 4358 4455 4582 4672 4817
66 42 94 147 258 365 442 547 607 643 728 815 857 909 958 1066 1132 1185 1302 1361 1388 1439 1529 1597 1678 1730 1763 1817 1868 1966 2083 2176 2320 2371 2415 2453 2530 2668 2734 2829 2921 3016 3075 3170 3222 3271 3327 3398 3460 3512 3572 3629 3701 3831 3862 3954 4045 4158 4256 4336 4439 4498 4569 4662 4727 4745 4769
61 7 157 209 327 396 460 552 673 761 848 901 968 1023 1097 1121 1183 1272 1344 1434 1533 1700 1784 1853 1931 1996 2071 2187 2236 2285 2382 2422 2488 2552 2626 2731 2830 2913 3000 3081 3155 3273 3381 3448 3524 3584 3683 3738 3784 3855 3992 4057 4073 4144 4247 4323 4432 4523 4567 4625 4723 4777
61 60 145 240 411 500 566 659 720 833 917 984 1104 1153 1250 1293 1400 1456 1551 1599 1686 1720 1790 1890 1947 1986 2054 2110 2164 2269 2327 2403 2510 2592 2649 2782 2858 2943 2991 3047 3082 3210 3350 3432 3486 3565 3661 3790 3809 3879 3945 4015 4116 4174 4264 4350 4421 4518 4583 4620 4708 4829
64 66 107 204 243 386 457 543 613 662 700 748 830 897 973 1092 1143 1198 1319 1438 1509 1563 1649 1679 1770 1857 1946 1981 2069 2137 2183 2221 2273 2356 2464 2504 2571 2703 2752 2833 2918 2981 3071 3103 3186 3265 3346 3504 3586 3666 3768 3836 3908 4004 4104 4134 4159 4254 4348 4382 4472 4545 4632 4668 4766
62 33 92 165 252 341 387 453 511 583 706 810 880 991 1081 1223 1287 1423 1481 1547 1602 1676 1782 1845 1942 2017 2121 2233 2330 2432 2458 2582 2615 2684 2728 2819 2877 2931 3033 3093 3146 3230 3280 3322 3390 3473 3546 3645 3781 3816 3919 3976 4058 4169 4278 4342 4458 4511 4578 4651 4683 4740 4808
64 68 86 178 272 314 422 541 620 694 821 937 1008 1052 1089 1146 1207 1271 1379 1511 1595 1668 1778 1844 1915 2021 2085 2124 2182 2229 2288 2300 2394 2483 2579 2639 2749 2854 2960 3029 3067 3207 3258 3331 3378 3456 3540 3619 3719 3811 3845 3892 3944 4010 4109 4179 4268 4386 4412 4508 4560 4649 4660 4756 4806
60 52 120 221 320 370 488 553 627 675 726 784 842 935 996 1149 1205 1244 1316 1418 1501 1562 1663 1766 1833 1912 1964 2070 2205 2245 2323 2418 2502 2550 2695 2738 2795 2889 2950 3011 3076 3154 3209 3314 3377 3449 3552 3638 3756 3851 3912 4048 4121 4199 4248 4326 4482 4547 4654 4729 4792
60 39 88 134 280 434 538 633 729 788 835 931 1021 1148 1241 1362 1396 1512 1604 1671 1712 1769 1838 1920 1998 2109 2168 2254 2362 2433 2542 2632 2713 2790 2899 2984 3064 3159 3241 3356 3393 3418 3467 3554 3599 3711 3761 3806 3902 3969 4055 4112 4180 4225 4383 4485 4546 4626 4703 4803 4840
63 49 110 190 293 406 520 582 655 722 787 949 1015 1063 1179 1283 1364 1446 1518 1571 1633 1658 1758 1772 1824 1883 1956 2024 2107 2162 2252 2349 2487 2541 2607 2711 2745 2822 2898 2939 2980 3123 3182 3229 3329 3409 3493 3529 3566 3707 3793 3946 4071 4117 4189 4288 4335 4491 4543 4604 4697 4741 4779 4822
63 76 137 248 383 424 503 632 712 773 817 895 982 1060 1094 1152 1259 1331 1386 1450 1522 1576 1695 1825 1893 1970 2048 2170 2265 2385 2417 2512 2572 2628 2722 2770 2905 2964 3068 3110 3161 3295 3362 3399 3485 3513 3568 3641 3705 3776 3839 3921 3991 4064 4120 4187 4276 4411 4486 4587 4636 4684 4722 4830
59 75 140 196 306 364 446 515 621 663 802 871 922 969 1037 1110 1169 1193 1330 1392 1502 1581 1628 1748 1819 1896 2000 2146 2181 2214 2301 2407 2477 2574 2624 2680 2735 2781 2869 2928 3028 3160 3216 3303 3366 3489 3541 3634 3725 3824 3904 4005 4147 4220 4339 4497 4557 4599 4686 4770
62 74 113 197 249 373 431 512 586 691 757 843 932 980 1084 1114 1234 1258 1383 1459 1539 1557 1620 1704 1799 1924 2037 2098 2154 2243 2354 2454 2535 2676 2767 2831 2888 2949 3006 3097 3191 3242 3321 3386 3518 3603 3659 3721 3830 3914 3958 3998 4119 4166 4188 4251 4343 4402 4527 4577 4688 4772 4819
59 63 160 230 294 361 444 524 630 823 904 961 1016 1045 1120 1168 1220 1280 1372 1523 1639 1688 1734 1787 1867 1985 2058 2136 2194 2302 2395 2521 2565 2638 2756 2846 2910 2956 3031 3165 3259 3360 3433 3468 3543 3654 3735 3792 3915 3989 4088 4133 4205 4313 4420 4462 4562 4605 4656 4813
58 41 174 208 285 358 473 576 679 716 824 916 1071 1174 1229 1337 1416 1440 1525 1600 1693 1800 1865 1922 2002 2059 2152 2240 2348 2412 2505 2564 2620 2683 2775 2834 2884 2947 3045 3172 3277 3355 3447 3580 3622 3668 3787 3905 3974 4105 4157 4250 4328 4428 4503 4592 4631 4749 4812
60 23 114 228 322 392 465 514 580 667 774 879 989 1055 1074 1154 1227 1355 1469 1573 1624 1691 1820 1855 1902 1991 2068 2145 2209 2262 2305 2380 2491 2591 2666 2751 2861 2962 3041 3192 3245 3290 3351 3426 3520 3605 3671 3747 3782 3841 3973 4014 4122 4193 4240 4314 4425 4529 4658 4760 4805
57 67 210 301 388 456 489 609 670 753 854 962 1054 1145 1189 1225 1341 1414 1476 1601 1721 1843 1968 2039 2213 2353 2402 2519 2599 2647 2793 2876 2970 3057 3149 3184 3231 3288 3347 3427 3496 3527 3643 3753 3868 3907 3988 4026 4150 4214 4238 4269 4359 4444 4495 4633 4696 4787
56 29 150 256 319 360 471 578 677 744 809 864 908 978 1069 1091 1231 1322 1389 1457 1504 1584 1641 1692 1795 1818 1929 2019 2151 2235 2274 2411 2536 2650 2779 2922 2995 3079 3129 3275 3406 3525 3591 3649 3733 3795 3874 3960 4035 4085 4155 4244 4317 4387 4476 4639 4731
66 24 135 233 290 414 454 494 568 641 714 808 894 1027 1129 1199 1339 1412 1507 1530 1587 1626 1728 1807 1892 1910 1963 2025 2120 2166 2238 2335 2397 2474 2523 2627 2697 2769 2842 2908 2961 3024 3074 3108 3208 3281 3324 3395 3492 3585 3664 3780 3829 3898 4007 4163 4239 4293 4346 4410 4451 4457 4555 4634 4693 4759 4798
58 9 179 317 399 522 577 639 687 745 838 947 1022 1109 1204 1236 1311 1382 1480 1545 1614 1735 1792 1904 1979 2033 2099 2223 2297 2369 2446 2526 2588 2655 2743 2827 2929 2973 3078 3133 3228 3343 3404 3555 3581 3727 3864 3950 4039 4079 4165 4224 4267 4365 4438 4517 4574 4692 4814
59 12 151 205 262 335 467 581 692 725 836 914 994 1065 1194 1295 1351 1424 1486 1578 1632 1751 1804 1862 1940 2057 2088 2173 2259 2372 2449 2549 2598 2643 2725 2845 2979 3085 3135 3156 3261 3410 3481 3549 3594 3674 3767 3814 3823 3881 3934 4056 4096 4194 4309 4372 4520 4600 4734 4785
61 25 96 216 275 381 438 531 646 735 783 851 952 990 1117 1217 1282 1375 1489 1513 1585 1650 1726 1785 1872 1936 1997 2040 2072 2132 2242 2341 2389 2434 2534 2622 2714 2763 2832 2890 2982 3080 3166 3248 3397 3483 3521 3602 3703 3813 3890 3922 3961 4069 4154 4241 4307 4413 4496 4573 4726 4788
61 64 163 201 303 401 481 563 645 682 775 885 896 1014 1077 1213 1248 1378 1472 1534 1594 1672 1736 1856 1882 1958 2061 2103 2153 2276 2343 2448 2503 2553 2583 2663 2702 2772 2839 2873 2955 3096 3151 3221 3337 3414 3510 3562 3686 3772 3852 3937 4037 4090 4181 4282 4355 4429 4512 4640 4742 4854
60 4 89 245 282 350 407 455 534 676 737 849 924 1011 1080 1138 1181 1239 1262 1325 1403 1485 1570 1642 1745 1854 1909 2011 2133 2234 2322 2405 2532 2679 2784 2875 2966 3026 3109 3178 3260 3326 3388 3441 3515 3557 3610 3648 3754 3859 3968 4067 4164 4255 4357 4435 4538 4586 4673 4699 4807
61 15 169 235 281 345 463 496 545 665 707 803 870 953 1033 1116 1176 1230 1291 1409 1449 1528 1643 1733 1796 1876 1948 2047 2075 2150 2289 2390 2497 2580 2665 2717 2824 2920 2974 3099 3211 3306 3415 3501 3587 3663 3713 3777 3827 3895 3980 4110 4177 4262 4333 4437 4468 4533 4593 4674 4752 4846
61 73 155 296 353 450 519 585 678 777 811 859 954 1012 1051 1150 1237 1289 1354 1433 1495 1621 1702 1791 1866 1960 2127 2212 2232 2270 2345 2478 2590 2664 2812 2885 3004 3092 3138 3223 3292 3312 3376 3417 3528 3626 3685 3715 3832 3866 3917 4066 4138 4243 4320 4356 4392 4478 4544 4610 4709 4804
60 18 108 193 325 371 484 573 637 731 841 934 1018 1096 1118 1163 1222 1350 1394 1473 1543 1589 1687 1779 1851 1955 2029 2141 2191 2298 2398 2437 2492 2640 2742 2818 2881 2942 3043 3084 3131 3299 3370 3403 3499 3590 3673 3766 3808 3853 3910 3982 4053 4118 4284 4378 4483 4558 4589 4681 4799
55 0 128 284 433 498 593 699 781 852 1043 1140 1226 1300 1336 1419 1487 1598 1635 1743 1842 1952 2046 2101 2185 2272 2350 2409 2486 2610 2704 2787 2895 3042 3113 3189 3270 3311 3437 3542 3578 3682 3723 3771 3849 4008 4098 4207 4236 4347 4449 4506 4576 4710 4789 4845
64 6 119 194 288 362 397 495 560 598 619 686 746 793 923 1046 1083 1123 1210 1306 1357 1427 1474 1542 1608 1760 1808 1858 1913 1971 2117 2186 2241 2410 2485 2544 2653 2750 2906 2993 3009 3058 3134 3202 3284 3383 3455 3519 3576 3632 3716 3748 3850 3975 4060 4219 4301 4389 4436 4510 4553 4624 4701 4810 4838
57 72 84 124 189 279 330 436 539 711 795 878 976 1115 1186 1268 1363 1478 1583 1673 1774 1860 1975 2076 2140 2260 2324 2496 2601 2670 2788 2867 2951 3051 3125 3197 3253 3363 3494 3616 3697 3740 3822 3896 3955 4003 4029 4072 4136 4192 4271 4399 4433 4499 4598 4667 4736 4860
60 51 118 186 222 308 452 518 562 648 695 779 928 967 1078 1166 1246 1313 1356 1397 1460 1586 1707 1811 1925 2006 2143 2247 2304 2357 2404 2520 2631 2698 2789 2878 2948 3046 3090 3162 3240 3342 3435 3533 3639 3728 3764 3883 3994 4063 4156 4197 4249 4289 4354 4381 4516 4594 4689 4765 4833
58 31 161 232 351 416 469 544 653 724 796 846 911 975 1090 1167 1215 1260 1318 1452 1535 1625 1722 1801 1906 1965 2045 2102 2198 2337 2399 2481 2559 2648 2688 2837 2916 3005 3063 3150 3214 3371 3436 3570 3658 3763 3798 3861 3897 4021 4068 4195 4286 4404 4473 4603 4680 4755 4852
56 62 152 234 359 458 614 658 747 873 1004 1029 1100 1122 1232 1308 1347 1451 1560 1623 1697 1761 1832 1923 2050 2092 2131 2253 2375 2442 2545 2658 2720 2820 2865 3001 3111 3224 3333 3438 3532 3573 3689 3742 3857 3978 4009 4087 4211 4273 4340 4422 4474 4584 4664 4764 4790
55 16 141 223 287 389 487 504 599 638 721 814 983 1073 1221 1312 1467 1537 1656 1725 1836 1933 1980 2064 2175 2282 2339 2381 2461 2568 2682 2759 2857 2990 3055 3173 3289 3387 3470 3534 3694 3802 3875 3951 4027 4084 4126 4245 4298 4406 4463 4525 4606 4645 4747 4844
59 59 93 132 226 283 338 447 571 604 696 847 966 1082 1136 1228 1303 1381 1496 1588 1648 1714 1789 1852 1894 1984 2031 2105 2222 2319 2396 2467 2533 2619 2699 2744 2778 2836 2992 3035 3115 3203 3310 3396 3477 3498 3624 3737 3794 3920 3983 4031 4146 4237 4327 4488 4524 4653 4705 4848
59 80 99 184 202 276 343 400 530 601 717 741 805 891 997 1147 1329 1366 1458 1569 1640 1680 1747 1847 1932 1990 2049 2138 2217 2284 2359 2475 2546 2634 2757 2882 2975 3015 3095 3167 3269 3309 3412 3461 3487 3574 3636 3653 3759 3804 3869 4028 4094 4183 4242 4345 4446 4515 4588 4733
55 65 176 266 357 437 570 705 755 861 998 1050 1111 1235 1276 1333 1390 1464 1536 1662 1767 1907 2016 2128 2246 2271 2336 2476 2642 2739 2800 2848 2924 3014 3119 3226 3328 3439 3506 3595 3669 3744 3854 3893 3964 4019 4101 4198 4308 4352 4431 4470 4521 4602 4713 4827
61 48 104 177 203 333 385 410 499 597 681 749 825 888 956 1024 1105 1298 1359 1448 1506 1607 1703 1803 1826 1927 2012 2089 2237 2275 2340 2479 2562 2616 2691 2760 2914 3007 3056 3147 3206 3263 3318 3421 3522 3675 3769 3863 3888 3938 4044 4127 4182 4279 4374 4442 4580 4607 4650 4676 4720 4781
59 21 106 164 191 264 313 421 533 606 680 791 889 957 1041 1103 1190 1273 1368 1479 1618 1705 1850 1928 1957 2028 2142 2190 2264 2313 2408 2451 2524 2612 2686 2838 2954 2997 3083 3198 3251 3335 3429 3502 3544 3657 3730 3773 3835 3963 4103 4167 4258 4371 4407 4452 4537 4646 4717 4816
66 47 133 251 312 430 478 532 592 698 778 839 900 1001 1056 1125 1263 1297 1385 1444 1510 1590 1739 1793 1875 1919 1993 2079 2134 2201 2263 2328 2406 2456 2581 2674 2710 2798 2907 2958 3060 3204 3297 3402 3482 3567 3625 3665 3698 3779 3801 3842 3925 3939 4025 4091 4128 4172 4285 4318 4409 4509 4595 4677 4743 4800 4825
62 26 82 149 271 329 367 439 497 551 600 689 752 776 875 903 955 1068 1139 1256 1342 1508 1622 1694 1806 1887 2008 2082 2174 2202 2255 2321 2346 2400 2506 2609 2675 2741 2880 3036 3073 3163 3279 3340 3420 3476 3556 3718 3807 3885 3948 4041 4142 4226 4300 4368 4471 4540 4630 4718 4762 4826 4866
65 38 85 198 257 315 377 464 555 617 704 734 834 869 939 1005 1047 1130 1219 1317 1420 1454 1493 1577 1606 1706 1765 1834 1943 2027 2093 2184 2287 2367 2444 2490 2558 2645 2696 2785 2868 2912 3040 3086 3137 3247 3313 3352 3450 3517 3575 3612 3734 3812 3962 4017 4201 4272 4319 4397 4493 4549 4615 4670 4757 4824
61 43 87 172 295 366 451 513 590 685 738 816 910 1006 1112 1202 1264 1326 1436 1516 1631 1781 1921 2010 2077 2188 2225 2318 2386 2548 2589 2652 2766 2844 2915 2972 3059 3112 3148 3157 3234 3305 3357 3408 3497 3582 3700 3736 3848 3931 3985 4081 4168 4213 4341 4416 4487 4565 4641 4748 4794 4843
59 10 98 171 229 328 404 492 529 575 703 800 927 986 1044 1108 1159 1266 1377 1497 1559 1638 1716 1831 1951 2056 2115 2156 2250 2329 2462 2539 2635 2718 2821 2864 2935 2994 3061 3101 3183 3274 3354 3443 3491 3596 3706 3783 3846 3903 3967 4012 4113 4191 4227 4312 4376 4526 4657 4771
62 13 90 138 247 324 374 449 608 719 760 874 988 1085 1206 1286 1352 1430 1500 1558 1627 1675 1711 1788 1849 1953 2066 2126 2206 2334 2416 2538 2637 2761 2894 2927 2976 3039 3128 3199 3257 3341 3382 3523 3550 3615 3656 3709 3752 3828 3906 3940 4018 4077 4132 4203 4292 4353 4441 4494 4581 4661 4809
61 70 131 253 323 372 435 540 588 708 733 819 899 999 1059 1180 1294 1349 1410 1470 1555 1654 1764 1871 1973 2044 2116 2230 2342 2391 2457 2500 2551 2602 2672 2733 2764 2891 3021 3140 3235 3307 3446 3531 3627 3696 3743 3843 3929 3971 4013 4062 4184 4266 4379 4426 4534 4572 4642 4691 4711 4834
63 36 95 181 231 298 352 409 459 526 649 718 797 877 921 1048 1127 1172 1203 1279 1395 1477 1556 1596 1651 1681 1816 1901 2018 2122 2216 2280 2384 2469 2518 2593 2689 2783 2851 2896 2957 3027 3116 3180 3254 3349 3413 3464 3597 3691 3770 3882 3966 4006 4042 4161 4200 4315 4414 4460 4591 4623 4721 4793
57 27 146 206 316 408 507 589 636 736 818 853 918 1040 1101 1209 1301 1373 1421 1524 1579 1670 1737 1809 1891 1949 2035 2161 2258 2378 2439 2509 2600 2657 2732 2823 2855 2902 2998 3127 3249 3367 3440 3592 3676 3799 3887 4016 4093 4190 4246 4322 4424 4548 4618 4700 4796 4831
64 3 167 250 310 342 420 490 564 610 690 766 807 876 933 1062 1214 1343 1399 1514 1617 1652 1723 1823 1972 2112 2197 2314 2414 2465 2528 2646 2723 2755 2813 2937 2985 3077 3142 3175 3220 3252 3266 3336 3472 3537 3558 3623 3693 3750 3788 3878 3927 3987 4061 4141 4218 4306 4337 4391 4464 4550 4666 4763 4836
59 78 211 297 355 395 477 537 668 730 762 828 936 1003 1064 1175 1238 1305 1370 1441 1568 1665 1768 1829 1914 1989 2043 2095 2155 2317 2360 2419 2508 2567 2606 2693 2794 2934 3025 3120 3168 3243 3373 3469 3548 3598 3651 3714 3844 3884 4024 4130 4297 4329 4396 4513 4579 4635 4780 4865
58 58 101 260 326 378 412 474 516 596 660 709 780 892 971 1053 1086 1197 1261 1327 1429 1505 1544 1629 1746 1828 1900 1961 2007 2096 2163 2231 2333 2463 2557 2625 2724 2801 2863 2968 3050 3196 3339 3516 3606 3677 3810 3856 3977 4046 4075 4206 4303 4384 4440 4505 4629 4744 4802
55 2 156 269 415 505 616 656 770 840 902 951 1026 1184 1245 1405 1466 1540 1611 1709 1776 1905 2005 2080 2148 2249 2368 2423 2501 2586 2701 2765 2807 2847 2953 3018 3121 3255 3301 3384 3484 3600 3672 3796 3891 3986 4070 4151 4299 4394 4469 4551 4665 4707 4786 4835
64 28 97 117 195 217 265 337 369 432 536 611 683 769 820 898 1000 1095 1155 1242 1267 1299 1384 1494 1565 1653 1727 1810 1895 2038 2097 2165 2286 2355 2472 2511 2563 2613 2730 2853 2897 3002 3106 3201 3334 3463 3530 3635 3652 3704 3751 3791 3876 3941 4038 4152 4253 4373 4427 4490 4542 4585 4675 4739 4811
59 20 148 239 349 425 476 561 634 739 829 942 1035 1137 1292 1376 1443 1499 1574 1685 1780 1830 1908 1977 2034 2094 2193 2207 2316 2366 2471 2561 2669 2736 2808 2859 2909 2988 3032 3107 3158 3194 3304 3374 3442 3577 3640 3757 3918 4022 4111 4175 4280 4344 4403 4489 4611 4725 4774 4853
65 71 100 144 268 332 413 527 657 723 813 882 920 974 1025 1067 1099 1171 1243 1320 1398 1465 1532 1591 1742 1783 1880 1967 2052 2158 2256 2344 2376 2420 2513 2566 2594 2681 2777 2901 2969 3070 3153 3250 3330 3416 3514 3579 3647 3739 3837 3923 3995 4052 4108 4160 4222 4295 4395 4459 4531 4617 4685 4728 4791 4859
65 50 103 207 267 376 461 542 622 671 763 832 855 946 1009 1061 1107 1156 1285 1335 1432 1488 1567 1659 1708 1798 1918 2013 2149 2172 2283 2351 2438 2514 2556 2633 2700 2806 2883 2932 2963 3044 3117 3227 3315 3375 3507 3601 3660 3731 3785 3821 3942 4030 4097 4137 4209 4290 4330 4370 4477 4556 4621 4751 4801 4847
58 56 91 162 263 311 398 556 615 702 831 950 1030 1134 1240 1296 1346 1411 1531 1610 1786 1870 1983 2023 2073 2171 2218 2295 2388 2499 2596 2659 2768 2852 2892 3030 3091 3152 3237 3302 3361 3423 3471 3526 3564 3620 3710 3815 3924 3997 4092 4212 4369 4467 4519 4570 4655 4694 4820
58 22 81 115 166 255 354 423 565 661 806 865 930 1020 1126 1161 1188 1277 1371 1447 1550 1664 1762 1846 1937 2015 2063 2090 2195 2281 2431 2543 2584 2685 2773 2874 2923 3069 3200 3272 3294 3332 3428 3508 3613 3680 3786 3818 3911 3949 4095 4148 4223 4304 4393 4504 4568 4719 4837
59 44 142 180 302 427 521 591 647 750 794 858 913 1028 1173 1270 1365 1437 1520 1605 1669 1741 1881 1978 2032 2106 2244 2309 2379 2443 2555 2573 2641 2709 2799 2860 2944 3010 3088 3145 3225 3338 3364 3457 3547 3655 3749 3872 3981 4078 4216 4305 4363 4408 4484 4535 4601 4671 4712 4795
66 11 168 212 246 356 419 535 623 669 754 812 887 941 993 1087 1191 1212 1254 1321 1391 1475 1582 1646 1717 1827 1884 1939 1995 2022 2123 2248 2311 2358 2392 2470 2614 2726 2792 2849 2933 3020 3054 3105 3187 3319 3401 3459 3535 3618 3712 3778 3947 4001 4049 4100 4153 4208 4228 4261 4351 4434 4539 4643 4724 4776 4849
61 30 170 289 363 462 501 557 605 651 758 826 965 1002 1070 1182 1278 1369 1442 1490 1554 1592 1655 1750 1775 1911 1988 2051 2167 2261 2338 2436 2493 2531 2577 2667 2776 2850 2983 3034 3143 3190 3316 3379 3453 3559 3646 3717 3789 3870 3926 4002 4114 4233 4281 4385 4492 4561 4619 4679 4761 4857
56 40 105 199 336 506 558 626 710 886 977 1076 1208 1288 1323 1387 1445 1527 1603 1682 1771 1879 1935 2001 2081 2178 2326 2445 2516 2630 2677 2727 2804 2886 2945 3066 3141 3256 3358 3411 3503 3637 3667 3741 3833 3873 3935 4047 4115 4217 4302 4362 4465 4614 4730 4773 4863
59 1 154 242 292 403 466 523 618 664 742 785 890 963 981 1038 1151 1216 1304 1425 1517 1572 1660 1718 1814 1859 1897 1954 2118 2228 2307 2460 2495 2595 2654 2705 2762 2840 2900 2986 3089 3171 3217 3276 3444 3536 3621 3724 3838 3979 4076 4204 4294 4338 4375 4507 4571 4647 4698 4823
56 79 139 219 254 334 394 480 525 625 751 792 863 992 1124 1224 1334 1417 1462 1546 1690 1744 1815 1874 1941 1999 2041 2087 2130 2211 2331 2387 2427 2498 2576 2712 2805 2911 3022 3130 3246 3325 3454 3538 3614 3745 3817 3900 4034 4185 4259 4349 4430 4502 4616 4714 4842
66 32 125 182 218 270 347 479 602 684 764 850 926 1039 1088 1135 1218 1274 1340 1407 1453 1548 1634 1752 1802 1863 1899 2003 2125 2208 2294 2347 2413 2450 2473 2517 2605 2673 2754 2815 2871 2926 3038 3122 3169 3238 3308 3391 3430 3480 3539 3628 3687 3797 3916 3957 4000 4086 4143 4210 4311 4398 4481 4563 4622 4750 4851
55 54 121 200 261 379 468 567 640 771 868 943 985 1072 1160 1200 1314 1353 1408 1463 1561 1674 1724 1805 1877 1969 2067 2203 2277 2401 2447 2587 2694 2786 2825 2919 3012 3195 3285 3405 3462 3500 3589 3662 3774 3860 3956 4107 4221 4274 4419 4501 4590 4706 4754 4862
61 77 111 224 259 346 491 574 727 867 959 1036 1102 1128 1201 1284 1431 1484 1549 1615 1719 1777 1835 1903 1992 2086 2157 2239 2296 2383 2466 2537 2623 2692 2740 2810 2828 2893 2971 3104 3174 3219 3278 3353 3465 3560 3650 3755 3834 3965 4059 4178 4252 4291 4366 4405 4450 4564 4648 4702 4753 4828
59 5 130 214 273 339 441 510 554 603 650 732 845 929 979 1049 1133 1252 1281 1358 1422 1515 1613 1683 1740 1839 1945 2091 2135 2200 2303 2393 2468 2578 2715 2802 2856 2941 3013 3065 3215 3264 3392 3452 3583 3678 3775 3867 3936 3993 4083 4176 4270 4388 4461 4554 4644 4682 4704 4797
62 69 122 183 244 309 390 493 579 652 713 801 827 919 970 1032 1131 1195 1257 1332 1415 1471 1526 1644 1738 1864 1917 1974 2030 2119 2192 2278 2310 2435 2554 2662 2690 2803 2887 2965 2987 3087 3213 3298 3425 3475 3593 3695 3746 3820 3899 3952 4051 4149 4263 4332 4447 4480 4559 4609 4669 4732 4815
56 35 136 213 318 391 440 509 550 674 790 948 1031 1162 1249 1413 1519 1616 1667 1729 1822 1869 1950 2062 2147 2196 2279 2365 2441 2547 2621 2753 2817 2959 3114 3176 3293 3359 3380 3445 3478 3563 3609 3684 3762 3847 3930 4043 4135 4229 4325 4415 4445 4541 4637 4775 4850
60 57 83 127 153 185 291 368 472 548 629 672 715 798 915 995 1075 1164 1251 1345 1498 1553 1647 1689 1759 1926 2026 2129 2204 2290 2364 2424 2484 2570 2629 2707 2796 2917 2977 3049 3124 3239 3317 3419 3488 3611 3722 3840 3901 4020 4099 4125 4215 4310 4390 4448 4536 4627 4690 4767 4841
57 8 102 188 277 375 429 448 502 549 612 666 772 862 940 1058 1158 1307 1348 1401 1461 1619 1661 1755 1840 1916 2036 2111 2251 2363 2455 2507 2560 2661 2716 2809 2879 2978 3052 3188 3268 3323 3372 3451 3631 3726 3886 4023 4106 4139 4230 4296 4380 4454 4566 4678 4782 4855
59 14 112 215 305 405 445 485 508 624 701 740 893 906 1057 1119 1178 1247 1404 1538 1630 1698 1756 1837 1886 2055 2104 2224 2299 2361 2452 2527 2597 2656 2729 2797 2843 2936 3003 3102 3232 3389 3422 3511 3608 3692 3825 3858 3932 4036 4102 4202 4265 4360 4500 4530 4612 4652 4735 4784
55 45 109 175 331 418 546 635 765 856 938 1017 1106 1211 1338 1402 1521 1636 1699 1753 1821 1898 2009 2060 2113 2180 2268 2332 2426 2489 2603 2651 2747 2870 3019 3132 3287 3385 3479 3571 3633 3679 3758 3877 3943 4011 4074 4173 4257 4361 4453 4552 4608 4695 4768 4864
65 55 173 241 304 340 417 475 528 594 628 693 767 789 844 905 1007 1079 1142 1157 1265 1360 1491 1580 1612 1731 1878 1930 2004 2074 2177 2219 2291 2370 2430 2522 2608 2660 2721 2746 2811 2925 3048 3144 3185 3282 3369 3431 3474 3607 3690 3720 3826 3928 3999 4054 4082 4145 4232 4316 4364 4418 4479 4638 4737 4818
58 37 159 220 300 428 517 644 759 883 960 1093 1177 1253 1290 1393 1483 1609 1701 1797 1888 1976 2065 2114 2159 2220 2308 2425 2459 2529 2636 2771 2866 2989 3053 3100 3179 3218 3283 3368 3394 3495 3561 3617 3670 3760 3865 3933 3996 4065 4131 4186 4283 4377 4466 4575 4687 4783 4858
59 34 123 192 236 278 299 382 443 569 631 756 799 860 925 987 1034 1165 1269 1374 1468 1566 1666 1713 1794 1934 2020 2100 2160 2227 2293 2352 2428 2540 2644 2737 2816 2841 2952 3023 3126 3164 3300 3348 3466 3551 3588 3681 3800 3909 3984 4124 4196 4331 4401 4456 4597 4663 4758 4861
62 61 158 225 286 384 486 572 743 884 944 972 1042 1141 1233 1324 1380 1435 1552 1684 1757 1841 1889 1994 2053 2108 2189 2226 2266 2312 2377 2480 2525 2611 2708 2780 2835 2903 2946 2996 3094 3177 3205 3262 3345 3407 3545 3732 3805 3871 3972 4050 4129 4162 4260 4367 4423 4475 4532 4596 4715 4778 4832
57 19 129 187 274 348 426 559 654 822 866 945 1098 1187 1255 1309 1428 1482 1593 1677 1715 1773 1861 1959 1982 2139 2215 2315 2421 2575 2617 2671 2719 2758 2826 2938 3037 3098 3212 3244 3267 3320 3434 3569 3604 3708 3765 3894 3990 4032 4171 4231 4287 4400 4528 4613 4716 4821
58 17 126 227 344 393 482 587 688 768 837 912 1013 1170 1315 1455 1575 1637 1710 1732 1812 1873 1962 2014 2084 2199 2292 2373 2440 2515 2604 2687 2774 2904 2999 3008 3062 3181 3236 3286 3344 3424 3505 3553 3630 3702 3819 3880 3959 4080 4123 4234 4277 4321 4417 4522 4659 4746 4839
59 53 143 238 307 402 470 584 642 786 872 907 1010 1144 1196 1275 1328 1406 1492 1541 1645 1749 1813 1885 1938 1987 2078 2144 2179 2257 2306 2429 2494 2585 2678 2791 2862 2940 3017 3136 3193 3291 3365 3458 3509 3644 3688 3803 3889 3953 4040 4089 4140 4235 4334 4443 4514 4628 4738 4856
