2 359 2015
1 180
2 335 2278
1 107
2 293 1438
2 149 1372
2 351 4435
2 290 485
1 108
2 286 666
3 382 655 7475
4 78 1335 1735 6263
2 226 2912
2 194 1024
2 230 730
4 88 400 482 2429
2 394 420
1 31
2 33 4494
3 72 1315 1794
1 9
2 193 665
5 380 583 1138 2009 3103
2 348 552
3 186 1447 7429
3 165 3580 6689
2 254 640
2 124 2313
1 383
3 283 1170 5970
1 317
3 49 5497 6670
2 119 463
1 188
3 156 610 1605
2 166 433
3 256 1228 8310
2 141 572
1 13
2 73 5868
1 56
2 183 1637
2 336 3149
2 356 1323
3 354 531 7965
2 372 407
3 225 533 4071
2 274 1090
2 323 4379
1 12
1 316
2 227 1883
2 291 2986
2 196 874
3 271 439 1492
3 328 435 1406
3 260 1407 8175
2 155 1879
3 167 3444 9393
3 190 423 434
3 102 529 7463
1 302
3 268 417 718
1 301
1 8
4 152 506 4094 5445
2 184 1609
2 308 6466
3 288 1900 2327
4 245 442 1353 3555
2 126 1100
2 169 514
3 396 601 7928
2 279 1194
4 64 567 1815 8640
2 373 3371
1 360
2 116 1838
1 234
1 251
2 314 7005
4 100 513 2559 6412
3 220 2316 4618
3 395 842 5324
2 385 1512
2 253 1784
6 368 580 1543 1992 3307 7399
2 192 2941
3 379 697 6277
1 86
2 182 4758
2 307 5693
3 133 864 9707
2 36 3855
2 346 3025
2 125 1630
2 304 1030
3 146 519 611
2 397 656
3 264 3549 8518
2 127 559
2 145 5235
3 139 1833 4855
3 104 1664 4307
3 242 1384 9976
2 349 7657
2 1 508
2 71 3281
4 24 409 568 825
1 70
2 15 802
3 310 1866 9003
3 44 3055 5300
2 63 2507
2 111 6822
3 74 615 6815
2 341 7861
2 338 965
2 296 9313
2 262 2531
2 371 9847
1 82
4 206 444 4008 5860
3 233 726 5086
3 35 498 3239
2 80 2296
4 297 415 1097 1593
2 91 560
3 168 459 5934
1 0
2 122 1121
2 68 4143
2 236 3988
2 355 780
2 175 607
3 305 2008 6706
2 344 2424
2 61 416
1 18
2 2 839
4 38 3607 5335 9514
2 29 413
4 212 477 961 2324
2 85 546
3 178 596 8292
4 109 425 2949 3471
1 329
2 353 617
3 237 3167 7956
2 375 411
4 273 402 1414 8731
2 197 6901
3 266 494 9752
2 134 1251
4 282 1040 3156 4346
4 319 817 3817 7070
2 272 782
6 303 405 2571 3253 5299 7499
2 174 2869
3 101 5018 9305
2 345 4058
1 4
2 173 1489
2 364 671
4 157 412 2356 3030
2 92 523
4 199 474 530 2828
2 112 1010
2 299 5424
2 221 6663
3 399 920 2233
5 352 677 768 2432 3564
2 393 3457
3 17 1209 1773
2 158 2603
2 229 6381
2 3 1054
4 280 741 2020 5717
2 120 595
1 298
2 320 975
2 53 1530
3 28 1776 4637
4 318 493 2576 6916
2 322 1635
2 121 660
1 321
2 324 4150
3 66 541 830
2 309 1984
3 21 892 9084
2 208 509
3 143 4309 8708
2 151 956
4 19 422 1332 6115
1 392
2 97 646
1 327
3 37 1113 9619
2 203 484
2 16 9563
4 300 565 4601 6695
2 81 645
2 389 6807
1 325
1 59
2 232 1142
1 170
3 47 475 3743
3 171 1305 1651
2 219 418
2 378 516
1 391
2 106 633
2 159 553
2 94 2079
4 130 713 1013 8477
2 34 1860
2 258 9409
1 398
2 65 846
3 57 483 3168
1 263
2 79 4842
1 295
4 46 554 1269 7040
2 55 410
3 114 2247 3410
2 132 2738
2 98 490
2 60 5885
2 211 542
4 217 1867 3442 5716
2 248 453
2 331 2166
2 239 1200
2 267 501
3 135 458 6831
2 235 933
4 287 2883 4839 9888
2 204 6198
4 387 734 2061 4495
1 231
1 20
2 312 3692
2 250 1734
1 343
3 374 585 1218
2 357 989
3 172 489 761
3 69 462 7401
2 278 1223
2 207 3008
4 209 457 1888 5341
2 363 2006
2 213 1674
2 313 544
3 200 445 578
2 75 3049
2 201 1625
2 285 854
1 6
3 40 658 2589
4 384 1227 5192 9679
2 67 951
1 144
2 241 524
2 215 753
2 238 1221
2 154 1689
2 39 657
2 187 401
2 54 3693
4 84 408 1993 8703
1 136
3 249 769 1177
2 51 4214
2 334 2357
2 14 5406
4 205 2695 4059 7957
2 185 2106
2 93 950
2 289 5304
2 202 856
2 223 1852
4 326 461 6783 9325
2 370 1588
3 284 481 2123
2 255 935
2 26 1276
4 113 419 699 3667
3 365 720 9799
3 161 549 751
3 366 1005 2536
2 340 2641
2 137 832
3 117 403 849
3 164 507 4882
4 48 414 3869 5598
2 228 4066
2 128 449
1 218
3 129 1528 4056
2 214 1363
3 41 454 9140
3 10 902 8329
5 252 606 837 1066 1527
3 115 608 4098
3 216 1105 4894
2 265 6228
2 270 3249
4 377 672 957 3005
2 105 629
2 22 1267
3 162 2465 3245
2 292 536
2 87 3333
2 361 1563
1 89
2 30 704
3 311 428 1233
3 5 2920 3546
3 369 627 3276
3 275 789 5381
3 25 2720 3696
1 181
4 277 448 1978 6961
1 224
3 138 696 2944
2 76 823
3 50 1724 8950
2 27 2026
4 210 497 3629 7561
2 77 1313
2 83 895
2 96 2143
3 347 2519 3236
2 42 1697
2 386 1240
3 189 661 4687
3 294 622 1524
2 62 3294
4 52 700 945 7929
2 11 977
2 160 2538
4 337 2917 5440 9675
2 261 1421
3 342 719 3197
2 367 3697
2 281 708
3 123 4078 7141
2 140 4788
3 32 502 2942
3 177 563 2774
3 222 404 8962
2 332 473
2 176 9523
2 315 441
2 148 6541
2 350 922
2 147 649
1 142
2 23 1564
2 90 1135
2 276 1260
2 259 9283
2 7 3148
2 95 467
3 103 1178 5769
3 269 4377 5161
3 333 1560 2512
2 198 2293
3 257 1273 2436
2 45 2714
2 244 599
4 243 1515 2135 2838
3 179 3090 5902
2 150 456
3 362 4742 6952
1 247
2 153 1201
2 131 8406
3 163 739 3527
2 246 4586
2 388 709
2 118 643
2 99 5027
3 358 2735 5137
2 390 6649
4 330 511 4525 8878
2 43 2426
2 339 2520
2 110 2791
3 195 1757 2748
2 58 7952
3 381 499 6002
1 240
2 376 538
3 191 4090 7640
2 306 1186
