3 54 577 611
5 293 1437 2086 3288 6613
4 349 1599 2069 5014
3 292 619 1441
4 343 445 471 2418
3 113 1745 7318
5 44 2146 2863 3581 6261
5 144 394 817 1179 1243
3 279 1093 3452
5 156 351 1711 1924 4469
5 295 359 643 5371 8033
4 192 2648 4114 5062
7 342 1111 1148 1826 2139 2713 4764
3 329 1203 6042
5 73 431 785 1267 3171
5 101 879 1468 2090 3496
5 286 369 949 1816 4107
5 4 407 1229 6130 8019
5 244 1048 1133 3660 4260
4 249 670 1566 1644
1 224
6 254 804 910 1131 4065 6430
3 88 1807 3827
2 179 1064
3 318 798 7138
9 70 563 691 726 874 1187 1390 4466 7080
1 277
3 117 483 5057
2 218 2042
4 198 685 1568 1926
6 61 395 413 753 3198 5919
3 46 1123 2557
1 212
2 91 458
6 109 659 902 3060 3902 6570
5 214 791 1462 5604 7833
4 308 463 4182 6933
3 77 2332 5046
4 304 420 704 1238
2 206 1373
3 190 490 4616
2 248 1020
5 299 926 3117 3815 6812
4 338 417 493 508
4 96 811 1007 8103
3 260 1141 1222
3 251 2365 6781
5 59 559 2823 4141 6428
4 22 494 2440 2649
5 130 403 846 1025 1863
4 35 449 1597 5832
3 142 1380 4801
4 321 3875 5266 7320
3 137 1422 3628
4 114 1539 1942 2890
2 204 524
2 181 2263
4 84 576 1239 3551
3 253 2636 3665
5 25 1785 2005 5454 6507
3 79 2417 3505
5 134 472 919 1614 4974
4 90 367 928 1245
2 159 368
4 164 457 538 8141
4 222 893 4891 6424
3 152 361 872
4 110 532 1198 6423
4 151 1250 3179 7245
4 140 620 1520 3482
9 13 358 551 662 1197 2652 3883 4804 7851
4 231 710 6599 7418
3 39 600 2604
4 319 461 2335 5465
6 250 473 718 2563 3873 5552
4 27 370 1205 2003
4 122 1151 7590 9145
6 163 437 766 925 4189 6808
7 182 375 477 597 1312 1772 6229
4 123 627 931 1575
2 270 781
3 262 2198 3533
4 33 460 580 3128
7 191 382 956 2452 3440 4077 7426
4 219 522 1965 2512
2 312 1631
8 256 380 572 1016 1833 2584 2795 7678
6 93 466 740 1285 2000 4830
3 69 401 2244
4 300 593 883 2228
3 162 1282 7643
4 228 629 970 2169
4 166 3425 4115 6392
5 18 1641 1956 3968 9058
8 306 355 1060 1348 1925 2822 3423 4501
4 169 790 3169 8854
5 7 1210 3039 3247 8598
5 226 968 1434 1531 2524
5 71 630 1125 1430 7277
4 83 567 1769 2037
4 339 679 1257 3929
6 345 667 899 1817 2496 4581
6 207 363 564 1712 3187 3782
5 51 541 943 4049 8172
2 307 1032
6 32 706 1130 1408 1574 1758
3 234 780 1149
4 8 1113 1608 6950
4 72 1055 2996 5160
3 209 475 1588
3 136 1241 3361
2 141 495
3 205 3145 4349
5 290 529 1465 4760 8725
7 170 405 434 568 3016 3562 6197
2 119 5500
4 232 438 3076 5777
4 247 993 1053 1964
5 149 1824 2600 3075 5030
5 147 452 939 2442 7584
3 146 1387 1776
8 333 353 598 794 1938 2672 3516 4494
5 289 428 1049 1831 2813
2 41 2855
4 208 432 560 1412
8 76 601 665 841 2635 2772 3119 9151
2 20 2482
6 118 1278 2717 3236 4768 7653
6 266 513 833 4523 5954 7674
5 184 474 512 1999 2305
3 160 1377 1715
2 176 1127
5 132 450 527 1429 4303
1 124
1 202
7 309 418 1442 3709 5260 6198 9053
5 30 771 1573 2012 7849
6 11 1572 1752 2446 2734 2954
5 261 514 3210 7136 8544
4 62 440 2098 2399
7 288 400 674 1339 2038 2351 4574
4 53 435 689 1659
1 233
2 104 1174
6 14 835 873 1492 1846 2874
3 5 433 4671
5 330 377 406 974 6975
2 311 488
10 135 534 602 660 687 862 1014 1417 3235 8232
6 49 388 1076 2921 3387 4634
2 265 8450
3 143 682 1167
3 246 1095 3503
4 6 1788 2554 7782
3 344 2152 5370
7 107 482 521 1192 1835 7759 9106
5 57 745 1505 4473 8220
4 168 546 1283 5354
4 100 1035 1217 4066
2 105 2140
2 240 2836
4 78 360 585 3775
2 227 378
1 98
7 16 404 504 738 1220 3123 4759
5 68 381 1191 1560 4397
9 220 443 605 957 1051 1704 3265 5588 8424
3 24 3636 4447
3 116 628 4246
3 346 1300 7914
4 121 2202 4078 5798
3 99 778 5325
5 34 387 813 1558 5524
6 0 478 3240 5455 6885 8858
5 43 468 871 3860 9159
3 323 536 8097
5 326 1038 1247 1737 9180
4 17 987 6096 9141
7 45 350 402 571 837 1410 2777
6 158 424 2234 2603 2793 8078
5 155 1264 3831 4935 9049
3 80 481 3258
3 120 4467 5147
2 325 972
5 112 850 1196 1700 5645
5 194 515 768 1276 4949
4 188 379 1059 1890
5 106 489 736 1004 2693
2 341 8044
3 287 4172 5262
5 64 927 2849 3492 8099
8 285 994 1124 2209 2698 4506 5831 7427
5 28 1186 1753 2265 3027
3 19 1080 2048
5 313 545 1424 1983 5673
7 102 356 539 2091 2854 3363 4662
5 138 364 1512 1860 5703
2 275 371
4 178 715 2583 4980
3 213 734 2145
3 172 2864 6845
2 225 669
4 196 2586 3181 8057
4 301 590 1012 3856
4 38 569 1472 1681
4 332 557 2550 4236
4 241 980 4322 6638
3 324 961 1414
3 327 354 1011
3 258 604 6330
4 175 357 425 729
3 115 639 7633
3 139 1275 2459
3 186 1600 7148
6 60 409 686 2803 6340 8946
2 268 1039
7 303 934 996 3249 4119 5835 9168
2 65 3051
1 75
5 165 1140 1746 3233 5233
5 157 724 792 1515 7662
4 94 365 505 3765
4 131 820 881 8849
3 223 623 7576
4 347 1143 1421 3693
5 23 372 2297 4052 6227
5 177 498 596 676 995
5 271 386 1152 2517 3878
4 148 1100 1818 4922
6 92 656 795 1386 1595 2304
6 239 642 2150 2368 2785 9014
2 340 3833
4 12 2830 4611 6669
5 201 1204 1499 3766 5326
5 334 612 698 822 7828
2 97 1098
3 3 412 991
4 171 423 5679 6891
5 336 385 548 644 2252
4 245 773 878 6603
6 174 487 584 1751 3632 8995
9 259 666 702 929 1037 1491 2414 3592 4805
8 21 554 663 971 2182 3160 3877 8786
2 278 777
7 26 393 540 690 1293 5254 7937
4 203 558 594 1487
7 111 523 589 962 1024 1670 3460
4 153 747 1021 1322
5 215 421 552 664 7256
6 74 499 851 1896 3353 4060
9 40 397 528 626 720 1734 2922 3448 4392
7 273 408 553 654 684 1066 1604
3 2 398 1344
3 150 479 583
2 282 5801
4 274 793 2223 2469
5 281 383 586 609 2472
3 263 888 2715
4 36 492 2241 4796
6 52 908 1717 1909 6056 8090
6 55 653 979 1805 3704 9111
3 242 1359 1795
4 31 2805 3590 5383
3 127 2847 6021
4 316 1579 1764 2384
4 337 741 4071 6956
3 129 1260 3534
5 216 456 681 703 1258
3 200 507 3991
2 173 469
1 85
3 237 648 1855
4 284 1425 1862 5955
4 128 384 721 1121
2 42 362
6 185 465 901 2820 3209 6190
4 86 810 1036 1521
4 264 779 1138 4057
5 95 784 1325 3256 5097
6 133 671 719 743 1768 3471
5 236 454 3922 5634 8980
3 257 550 1081
3 243 500 5837
6 82 416 476 533 2330 5535
4 335 915 1134 1194
6 48 750 848 3104 5482 8551
6 238 430 1062 1365 1976 7822
4 89 389 399 7901
3 197 1822 7883
3 314 373 635
4 267 1448 4904 7229
6 125 688 789 2378 3155 4166
5 87 510 1407 2711 4390
3 317 1398 3681
5 199 570 610 1028 6791
3 193 868 7132
5 180 975 3025 5959 8453
4 272 1139 1809 7324
3 58 709 5130
1 63
2 296 1547
2 283 8561
4 195 1666 1756 7760
3 37 1813 2195
4 47 3153 4661 8315
5 230 526 555 886 6257
6 9 701 760 1590 3756 7313
6 280 366 1660 2156 3042 3772
3 331 636 2350
7 221 436 484 816 964 2607 4474
6 67 606 1042 2758 3216 4433
4 235 2191 3183 3656
5 229 414 1554 4852 8724
2 103 3383
5 310 603 2870 3511 5388
5 322 625 683 4960 8407
3 298 1556 2599
6 294 422 544 673 5876 7995
2 10 1612
4 29 1415 1808 2141
9 167 446 525 1067 1577 1893 3384 6440 7735
2 1 933
6 56 896 1271 1691 2765 4878
3 154 1160 7609
6 15 429 530 1009 2851 3630
6 302 952 1587 1779 4753 9155
3 255 930 2051
2 315 1340
4 108 391 680 6557
3 81 444 2186
5 210 746 800 1959 2293
4 211 941 2205 8709
2 348 1083
2 126 8372
5 305 739 1842 3832 8346
2 145 3937
2 269 1342
5 328 374 3190 3720 8595
4 297 906 1364 1907
7 183 839 1030 1175 2381 3611 6543
4 217 1466 1675 5008
2 66 799
5 161 565 1178 2766 5336
3 50 1562 8644
4 320 462 615 1542
4 189 675 1165 3911
4 291 410 2993 4338
10 276 392 678 1040 1330 2163 2995 3491 4398 8502
8 187 352 376 854 1109 1236 4967 6982
3 252 502 618
